{"level":"info","msg":"starting cluster default","time":"2022-02-27T15:13:16+08:00"}
{"level":"info","msg":"successful authorization as WillSike#8745","time":"2022-02-27T15:13:17+08:00"}
{"cluster":"default","instance":"WillSike#8745","level":"error","msg":"await resume timed out for: pls bj 50","time":"2022-02-27T15:14:00+08:00"}
{"level":"info","msg":"starting cluster default","time":"2022-02-27T15:19:30+08:00"}
{"level":"info","msg":"successful authorization as WillSike#8745","time":"2022-02-27T15:19:30+08:00"}
{"cluster":"default","instance":"WillSike#8745","level":"error","msg":"await resume timed out for: pls use tidepod","time":"2022-02-27T15:20:04+08:00"}
{"cluster":"default","instance":"WillSike#8745","level":"error","msg":"await resume timed out for: pls work","time":"2022-02-27T15:20:24+08:00"}
{"cluster":"default","instance":"WillSike#8745","level":"error","msg":"error while counting aces: hand is bust","time":"2022-02-27T15:20:47+08:00"}
{"cluster":"default","instance":"WillSike#8745","level":"error","msg":"await resume timed out for: ","time":"2022-02-27T15:20:53+08:00"}
{"cluster":"default","instance":"WillSike#8745","level":"error","msg":"error while counting aces: hand is bust","time":"2022-02-27T15:21:55+08:00"}
{"cluster":"default","instance":"WillSike#8745","level":"error","msg":"await resume timed out for: ","time":"2022-02-27T15:22:02+08:00"}
{"cluster":"default","instance":"WillSike#8745","level":"error","msg":"await resume timed out for: pls pm","time":"2022-02-27T15:22:20+08:00"}
{"cluster":"default","instance":"WillSike#8745","level":"error","msg":"await resume timed out for: pls trivia","time":"2022-02-27T15:22:29+08:00"}
{"cluster":"default","instance":"WillSike#8745","level":"error","msg":"error while counting aces: hand is bust","time":"2022-02-27T15:23:38+08:00"}
{"cluster":"default","instance":"WillSike#8745","level":"error","msg":"await resume timed out for: ","time":"2022-02-27T15:23:44+08:00"}
{"cluster":"default","instance":"WillSike#8745","level":"error","msg":"await resume timed out for: ","time":"2022-02-27T15:24:30+08:00"}
{"cluster":"default","instance":"WillSike#8745","level":"error","msg":"error while counting aces: hand is bust","time":"2022-02-27T15:25:06+08:00"}
{"cluster":"default","instance":"WillSike#8745","level":"error","msg":"await resume timed out for: ","time":"2022-02-27T15:25:13+08:00"}
{"cluster":"default","instance":"WillSike#8745","level":"error","msg":"error while counting aces: hand is bust","time":"2022-02-27T15:25:50+08:00"}
{"cluster":"default","instance":"WillSike#8745","level":"error","msg":"await resume timed out for: ","time":"2022-02-27T15:25:57+08:00"}
{"cluster":"default","instance":"WillSike#8745","level":"error","msg":"await resume timed out for: pls trivia","time":"2022-02-27T15:26:09+08:00"}
{"cluster":"default","instance":"WillSike#8745","level":"error","msg":"error while counting aces: hand is bust","time":"2022-02-27T15:26:14+08:00"}
{"cluster":"default","instance":"WillSike#8745","level":"error","msg":"await resume timed out for: ","time":"2022-02-27T15:26:21+08:00"}
{"cluster":"default","instance":"WillSike#8745","level":"error","msg":"error while clicking button: you are being rate limited, try waiting some time and trying again","time":"2022-02-27T15:27:07+08:00"}
{"cluster":"default","instance":"WillSike#8745","level":"error","msg":"await resume timed out for: ","time":"2022-02-27T15:27:38+08:00"}
{"cluster":"default","instance":"WillSike#8745","level":"error","msg":"await resume timed out for: ","time":"2022-02-27T15:27:47+08:00"}
{"cluster":"default","instance":"WillSike#8745","level":"error","msg":"await resume timed out for: pls trivia","time":"2022-02-27T15:28:27+08:00"}
{"cluster":"default","instance":"WillSike#8745","level":"error","msg":"error while counting aces: hand is bust","time":"2022-02-27T15:28:50+08:00"}
{"cluster":"default","instance":"WillSike#8745","level":"error","msg":"await resume timed out for: ","time":"2022-02-27T15:28:57+08:00"}
{"cluster":"default","instance":"WillSike#8745","level":"error","msg":"error while counting aces: hand is bust","time":"2022-02-27T15:29:10+08:00"}
{"cluster":"default","instance":"WillSike#8745","level":"error","msg":"await resume timed out for: ","time":"2022-02-27T15:29:17+08:00"}
{"cluster":"default","instance":"WillSike#8745","level":"error","msg":"await resume timed out for: pls bj 1500","time":"2022-02-27T15:30:00+08:00"}
{"cluster":"default","instance":"WillSike#8745","level":"error","msg":"error while counting aces: hand is bust","time":"2022-02-27T15:30:21+08:00"}
{"cluster":"default","instance":"WillSike#8745","level":"error","msg":"await resume timed out for: ","time":"2022-02-27T15:30:28+08:00"}
{"cluster":"default","instance":"WillSike#8745","level":"error","msg":"error while counting aces: hand is bust","time":"2022-02-27T15:31:24+08:00"}
{"cluster":"default","instance":"WillSike#8745","level":"error","msg":"await resume timed out for: ","time":"2022-02-27T15:31:31+08:00"}
{"cluster":"default","instance":"WillSike#8745","level":"error","msg":"error while clicking button: you are being rate limited, try waiting some time and trying again","time":"2022-02-27T15:31:52+08:00"}
{"cluster":"default","instance":"WillSike#8745","level":"error","msg":"await resume timed out for: ","time":"2022-02-27T15:34:13+08:00"}
{"cluster":"default","instance":"WillSike#8745","level":"error","msg":"await resume timed out for: pls bj 1500","time":"2022-02-27T15:34:31+08:00"}
{"cluster":"default","instance":"WillSike#8745","level":"error","msg":"await resume timed out for: pls pm","time":"2022-02-27T15:35:01+08:00"}
{"cluster":"default","instance":"WillSike#8745","level":"error","msg":"await resume timed out for: pls bj 1500","time":"2022-02-27T15:35:25+08:00"}
{"cluster":"default","instance":"WillSike#8745","level":"error","msg":"await resume timed out for: ","time":"2022-02-27T15:35:34+08:00"}
{"cluster":"default","instance":"WillSike#8745","level":"error","msg":"error while counting aces: hand is bust","time":"2022-02-27T15:36:38+08:00"}
{"cluster":"default","instance":"WillSike#8745","level":"error","msg":"await resume timed out for: ","time":"2022-02-27T15:36:44+08:00"}
{"cluster":"default","instance":"WillSike#8745","level":"error","msg":"await resume timed out for: pls dig","time":"2022-02-27T15:36:57+08:00"}
{"cluster":"default","instance":"WillSike#8745","level":"error","msg":"await resume timed out for: pls trivia","time":"2022-02-27T15:37:27+08:00"}
{"cluster":"default","instance":"WillSike#8745","level":"error","msg":"await resume timed out for: pls bj 1500","time":"2022-02-27T15:37:56+08:00"}
{"cluster":"default","instance":"WillSike#8745","level":"error","msg":"await resume timed out for: ","time":"2022-02-27T15:38:04+08:00"}
{"cluster":"default","instance":"WillSike#8745","level":"error","msg":"error while counting aces: hand is bust","time":"2022-02-27T15:38:12+08:00"}
{"cluster":"default","instance":"WillSike#8745","level":"error","msg":"await resume timed out for: ","time":"2022-02-27T15:38:19+08:00"}
{"cluster":"default","instance":"WillSike#8745","level":"error","msg":"await resume timed out for: pls trivia","time":"2022-02-27T15:38:47+08:00"}
{"cluster":"default","instance":"WillSike#8745","level":"error","msg":"error while counting aces: hand is bust","time":"2022-02-27T15:39:32+08:00"}
{"cluster":"default","instance":"WillSike#8745","level":"error","msg":"await resume timed out for: ","time":"2022-02-27T15:39:39+08:00"}
{"cluster":"default","instance":"WillSike#8745","level":"error","msg":"await resume timed out for: pls crime","time":"2022-02-27T15:40:27+08:00"}
{"cluster":"default","instance":"WillSike#8745","level":"error","msg":"await resume timed out for: pls trivia","time":"2022-02-27T15:40:36+08:00"}
{"cluster":"default","instance":"WillSike#8745","level":"error","msg":"await resume timed out for: pls search","time":"2022-02-27T15:41:00+08:00"}
{"cluster":"default","instance":"WillSike#8745","level":"error","msg":"await resume timed out for: pls trivia","time":"2022-02-27T15:41:09+08:00"}
{"cluster":"default","instance":"WillSike#8745","level":"error","msg":"error while counting aces: hand is bust","time":"2022-02-27T15:41:41+08:00"}
{"cluster":"default","instance":"WillSike#8745","level":"error","msg":"await resume timed out for: ","time":"2022-02-27T15:41:48+08:00"}
{"cluster":"default","instance":"WillSike#8745","level":"error","msg":"await resume timed out for: ","time":"2022-02-27T15:42:08+08:00"}
{"cluster":"default","instance":"WillSike#8745","level":"error","msg":"await resume timed out for: pls hl","time":"2022-02-27T15:42:17+08:00"}
{"cluster":"default","instance":"WillSike#8745","level":"error","msg":"error while counting aces: hand is bust","time":"2022-02-27T15:42:34+08:00"}
{"cluster":"default","instance":"WillSike#8745","level":"error","msg":"await resume timed out for: ","time":"2022-02-27T15:42:41+08:00"}
{"cluster":"default","instance":"WillSike#8745","level":"error","msg":"error while counting aces: hand is bust","time":"2022-02-27T15:43:44+08:00"}
{"cluster":"default","instance":"WillSike#8745","level":"error","msg":"await resume timed out for: ","time":"2022-02-27T15:43:51+08:00"}
{"cluster":"default","instance":"WillSike#8745","level":"error","msg":"await resume timed out for: pls trivia","time":"2022-02-27T15:44:25+08:00"}
{"cluster":"default","instance":"WillSike#8745","level":"error","msg":"error while counting aces: hand is bust","time":"2022-02-27T15:44:36+08:00"}
{"cluster":"default","instance":"WillSike#8745","level":"error","msg":"await resume timed out for: ","time":"2022-02-27T15:44:43+08:00"}
{"cluster":"default","instance":"WillSike#8745","level":"error","msg":"error while counting aces: hand is bust","time":"2022-02-27T15:44:51+08:00"}
{"cluster":"default","instance":"WillSike#8745","level":"error","msg":"await resume timed out for: ","time":"2022-02-27T15:44:58+08:00"}
{"cluster":"default","instance":"WillSike#8745","level":"error","msg":"await resume timed out for: pls trivia","time":"2022-02-27T15:45:41+08:00"}
{"cluster":"default","instance":"WillSike#8745","level":"error","msg":"error while counting aces: hand is bust","time":"2022-02-27T15:46:03+08:00"}
{"cluster":"default","instance":"WillSike#8745","level":"error","msg":"await resume timed out for: ","time":"2022-02-27T15:46:10+08:00"}
{"cluster":"default","instance":"WillSike#8745","level":"error","msg":"error while counting aces: hand is bust","time":"2022-02-27T15:47:17+08:00"}
{"cluster":"default","instance":"WillSike#8745","level":"error","msg":"await resume timed out for: ","time":"2022-02-27T15:47:24+08:00"}
{"cluster":"default","instance":"WillSike#8745","level":"error","msg":"await resume timed out for: pls hunt","time":"2022-02-27T15:48:44+08:00"}
{"cluster":"default","instance":"WillSike#8745","level":"error","msg":"error while counting aces: hand is bust","time":"2022-02-27T15:48:59+08:00"}
{"cluster":"default","instance":"WillSike#8745","level":"error","msg":"await resume timed out for: ","time":"2022-02-27T15:49:06+08:00"}
{"cluster":"default","instance":"WillSike#8745","level":"error","msg":"error while counting aces: hand is bust","time":"2022-02-27T15:49:49+08:00"}
{"cluster":"default","instance":"WillSike#8745","level":"error","msg":"await resume timed out for: ","time":"2022-02-27T15:49:56+08:00"}
{"cluster":"default","instance":"WillSike#8745","level":"error","msg":"await resume timed out for: ","time":"2022-02-27T15:50:17+08:00"}
{"cluster":"default","instance":"WillSike#8745","level":"error","msg":"await resume timed out for: ","time":"2022-02-27T15:50:32+08:00"}
{"cluster":"default","instance":"WillSike#8745","level":"error","msg":"await resume timed out for: ","time":"2022-02-27T15:50:40+08:00"}
{"cluster":"default","instance":"WillSike#8745","level":"error","msg":"await resume timed out for: ","time":"2022-02-27T15:50:48+08:00"}
{"cluster":"default","instance":"WillSike#8745","level":"error","msg":"await resume timed out for: ","time":"2022-02-27T15:50:56+08:00"}
{"cluster":"default","instance":"WillSike#8745","level":"error","msg":"await resume timed out for: ","time":"2022-02-27T15:51:04+08:00"}
{"cluster":"default","instance":"WillSike#8745","level":"error","msg":"await resume timed out for: ","time":"2022-02-27T15:51:12+08:00"}
{"cluster":"default","instance":"WillSike#8745","level":"error","msg":"await resume timed out for: ","time":"2022-02-27T15:51:19+08:00"}
{"cluster":"default","instance":"WillSike#8745","level":"error","msg":"await resume timed out for: ","time":"2022-02-27T15:51:27+08:00"}
{"cluster":"default","instance":"WillSike#8745","level":"error","msg":"await resume timed out for: ","time":"2022-02-27T15:51:35+08:00"}
{"cluster":"default","instance":"WillSike#8745","level":"error","msg":"await resume timed out for: ","time":"2022-02-27T15:51:42+08:00"}
{"cluster":"default","instance":"WillSike#8745","level":"error","msg":"await resume timed out for: ","time":"2022-02-27T15:51:50+08:00"}
{"cluster":"default","instance":"WillSike#8745","level":"error","msg":"await resume timed out for: ","time":"2022-02-27T15:51:58+08:00"}
{"cluster":"default","instance":"WillSike#8745","level":"error","msg":"await resume timed out for: ","time":"2022-02-27T15:52:05+08:00"}
{"cluster":"default","instance":"WillSike#8745","level":"error","msg":"await resume timed out for: pls bj 1500","time":"2022-02-27T15:52:18+08:00"}
{"cluster":"default","instance":"WillSike#8745","level":"error","msg":"await resume timed out for: ","time":"2022-02-27T15:52:25+08:00"}
{"cluster":"default","instance":"WillSike#8745","level":"error","msg":"await resume timed out for: pls trivia","time":"2022-02-27T15:52:40+08:00"}
{"cluster":"default","instance":"WillSike#8745","level":"error","msg":"await resume timed out for: pls hunt","time":"2022-02-27T15:52:58+08:00"}
{"cluster":"default","instance":"WillSike#8745","level":"error","msg":"await resume timed out for: ","time":"2022-02-27T15:55:51+08:00"}
{"cluster":"default","instance":"WillSike#8745","level":"error","msg":"error while counting aces: hand is bust","time":"2022-02-27T15:56:29+08:00"}
{"cluster":"default","instance":"WillSike#8745","level":"error","msg":"await resume timed out for: ","time":"2022-02-27T15:56:35+08:00"}
{"cluster":"default","instance":"WillSike#8745","level":"error","msg":"await resume timed out for: pls trivia","time":"2022-02-27T15:56:58+08:00"}
{"cluster":"default","instance":"WillSike#8745","level":"error","msg":"error while counting aces: hand is bust","time":"2022-02-27T15:57:03+08:00"}
{"cluster":"default","instance":"WillSike#8745","level":"error","msg":"await resume timed out for: ","time":"2022-02-27T15:57:10+08:00"}
{"cluster":"default","instance":"WillSike#8745","level":"error","msg":"error while counting aces: hand is bust","time":"2022-02-27T15:57:32+08:00"}
{"cluster":"default","instance":"WillSike#8745","level":"error","msg":"await resume timed out for: ","time":"2022-02-27T15:57:39+08:00"}
{"cluster":"default","instance":"WillSike#8745","level":"error","msg":"await resume timed out for: pls bj 1500","time":"2022-02-27T15:58:03+08:00"}
{"cluster":"default","instance":"WillSike#8745","level":"error","msg":"error while counting aces: hand is bust","time":"2022-02-27T15:58:05+08:00"}
{"cluster":"default","instance":"WillSike#8745","level":"error","msg":"await resume timed out for: ","time":"2022-02-27T15:58:12+08:00"}
{"cluster":"default","instance":"WillSike#8745","level":"error","msg":"await resume timed out for: pls bj 1500","time":"2022-02-27T15:59:39+08:00"}
{"cluster":"default","instance":"WillSike#8745","level":"error","msg":"error while counting aces: hand is bust","time":"2022-02-27T16:02:10+08:00"}
{"cluster":"default","instance":"WillSike#8745","level":"error","msg":"await resume timed out for: ","time":"2022-02-27T16:02:17+08:00"}
{"cluster":"default","instance":"WillSike#8745","level":"error","msg":"await resume timed out for: ","time":"2022-02-27T16:03:37+08:00"}
{"cluster":"default","instance":"WillSike#8745","level":"error","msg":"await resume timed out for: pls fish","time":"2022-02-27T16:04:53+08:00"}
{"cluster":"default","instance":"WillSike#8745","level":"error","msg":"error while counting aces: hand is bust","time":"2022-02-27T16:05:41+08:00"}
{"cluster":"default","instance":"WillSike#8745","level":"error","msg":"await resume timed out for: ","time":"2022-02-27T16:05:48+08:00"}
{"cluster":"default","instance":"WillSike#8745","level":"error","msg":"error while counting aces: hand is bust","time":"2022-02-27T16:06:28+08:00"}
{"cluster":"default","instance":"WillSike#8745","level":"error","msg":"await resume timed out for: ","time":"2022-02-27T16:06:35+08:00"}
{"cluster":"default","instance":"WillSike#8745","level":"error","msg":"error while counting aces: hand is bust","time":"2022-02-27T16:06:50+08:00"}
{"cluster":"default","instance":"WillSike#8745","level":"error","msg":"await resume timed out for: ","time":"2022-02-27T16:06:57+08:00"}
{"cluster":"default","instance":"WillSike#8745","level":"error","msg":"await resume timed out for: ","time":"2022-02-27T16:07:16+08:00"}
{"cluster":"default","instance":"WillSike#8745","level":"error","msg":"error while counting aces: hand is bust","time":"2022-02-27T16:09:07+08:00"}
{"cluster":"default","instance":"WillSike#8745","level":"error","msg":"await resume timed out for: ","time":"2022-02-27T16:09:14+08:00"}
{"cluster":"default","instance":"WillSike#8745","level":"error","msg":"error while counting aces: hand is bust","time":"2022-02-27T16:09:25+08:00"}
{"cluster":"default","instance":"WillSike#8745","level":"error","msg":"await resume timed out for: ","time":"2022-02-27T16:09:32+08:00"}
{"cluster":"default","instance":"WillSike#8745","level":"error","msg":"await resume timed out for: ","time":"2022-02-27T16:10:58+08:00"}
{"cluster":"default","instance":"WillSike#8745","level":"error","msg":"await resume timed out for: ","time":"2022-02-27T16:12:14+08:00"}
{"cluster":"default","instance":"WillSike#8745","level":"error","msg":"await resume timed out for: pls trivia","time":"2022-02-27T16:12:38+08:00"}
{"cluster":"default","instance":"WillSike#8745","level":"error","msg":"error while counting aces: hand is bust","time":"2022-02-27T16:13:35+08:00"}
{"cluster":"default","instance":"WillSike#8745","level":"error","msg":"await resume timed out for: ","time":"2022-02-27T16:13:42+08:00"}
{"cluster":"default","instance":"WillSike#8745","level":"error","msg":"await resume timed out for: ","time":"2022-02-27T16:15:21+08:00"}
{"cluster":"default","instance":"WillSike#8745","level":"error","msg":"error while counting aces: hand is bust","time":"2022-02-27T16:19:08+08:00"}
{"cluster":"default","instance":"WillSike#8745","level":"error","msg":"await resume timed out for: ","time":"2022-02-27T16:19:14+08:00"}
{"cluster":"default","instance":"WillSike#8745","level":"error","msg":"error while counting aces: hand is bust","time":"2022-02-27T16:20:06+08:00"}
{"cluster":"default","instance":"WillSike#8745","level":"error","msg":"await resume timed out for: ","time":"2022-02-27T16:20:13+08:00"}
{"cluster":"default","instance":"WillSike#8745","level":"error","msg":"await resume timed out for: pls work","time":"2022-02-27T16:20:32+08:00"}
{"cluster":"default","instance":"WillSike#8745","level":"error","msg":"await resume timed out for: ","time":"2022-02-27T16:21:38+08:00"}
{"cluster":"default","instance":"WillSike#8745","level":"error","msg":"await resume timed out for: ","time":"2022-02-27T16:22:34+08:00"}
{"cluster":"default","instance":"WillSike#8745","level":"error","msg":"error while counting aces: hand is bust","time":"2022-02-27T16:22:51+08:00"}
{"cluster":"default","instance":"WillSike#8745","level":"error","msg":"await resume timed out for: ","time":"2022-02-27T16:22:57+08:00"}
{"cluster":"default","instance":"WillSike#8745","level":"error","msg":"await resume timed out for: pls trivia","time":"2022-02-27T16:23:13+08:00"}
{"cluster":"default","instance":"WillSike#8745","level":"error","msg":"await resume timed out for: pls pm","time":"2022-02-27T16:23:32+08:00"}
{"cluster":"default","instance":"WillSike#8745","level":"error","msg":"await resume timed out for: pls trivia","time":"2022-02-27T16:23:41+08:00"}
{"cluster":"default","instance":"WillSike#8745","level":"error","msg":"await resume timed out for: pls bj 1500","time":"2022-02-27T16:24:29+08:00"}
{"cluster":"default","instance":"WillSike#8745","level":"error","msg":"error while counting aces: hand is bust","time":"2022-02-27T16:24:55+08:00"}
{"cluster":"default","instance":"WillSike#8745","level":"error","msg":"await resume timed out for: ","time":"2022-02-27T16:25:02+08:00"}
{"cluster":"default","instance":"WillSike#8745","level":"error","msg":"error while counting aces: hand is bust","time":"2022-02-27T16:25:34+08:00"}
{"cluster":"default","instance":"WillSike#8745","level":"error","msg":"await resume timed out for: ","time":"2022-02-27T16:25:41+08:00"}
{"cluster":"default","instance":"WillSike#8745","level":"error","msg":"await resume timed out for: pls search","time":"2022-02-27T16:26:44+08:00"}
{"cluster":"default","instance":"WillSike#8745","level":"error","msg":"await resume timed out for: pls hl","time":"2022-02-27T16:26:54+08:00"}
{"cluster":"default","instance":"WillSike#8745","level":"error","msg":"error while clicking button: you are being rate limited, try waiting some time and trying again","time":"2022-02-27T16:27:45+08:00"}
{"cluster":"default","instance":"WillSike#8745","level":"error","msg":"error while clicking button: you are being rate limited, try waiting some time and trying again","time":"2022-02-27T16:28:55+08:00"}
{"cluster":"default","instance":"WillSike#8745","level":"error","msg":"error while clicking button: you are being rate limited, try waiting some time and trying again","time":"2022-02-27T16:29:19+08:00"}
{"cluster":"default","instance":"WillSike#8745","level":"error","msg":"error while clicking button: you are being rate limited, try waiting some time and trying again","time":"2022-02-27T16:30:12+08:00"}
{"cluster":"default","instance":"WillSike#8745","level":"error","msg":"error while counting aces: hand is bust","time":"2022-02-27T16:31:10+08:00"}
{"cluster":"default","instance":"WillSike#8745","level":"error","msg":"await resume timed out for: ","time":"2022-02-27T16:31:16+08:00"}
{"cluster":"default","instance":"WillSike#8745","level":"error","msg":"await resume timed out for: pls pm","time":"2022-02-27T16:31:29+08:00"}
{"cluster":"default","instance":"WillSike#8745","level":"error","msg":"error while counting aces: hand is bust","time":"2022-02-27T16:31:44+08:00"}
{"cluster":"default","instance":"WillSike#8745","level":"error","msg":"await resume timed out for: ","time":"2022-02-27T16:31:51+08:00"}
{"cluster":"default","instance":"WillSike#8745","level":"error","msg":"error while counting aces: hand is bust","time":"2022-02-27T16:32:27+08:00"}
{"cluster":"default","instance":"WillSike#8745","level":"error","msg":"await resume timed out for: ","time":"2022-02-27T16:32:34+08:00"}
{"cluster":"default","instance":"WillSike#8745","level":"error","msg":"await resume timed out for: pls bj 1500","time":"2022-02-27T16:34:32+08:00"}
{"cluster":"default","instance":"WillSike#8745","level":"error","msg":"error while counting aces: hand is bust","time":"2022-02-27T16:34:47+08:00"}
{"cluster":"default","instance":"WillSike#8745","level":"error","msg":"await resume timed out for: ","time":"2022-02-27T16:34:54+08:00"}
{"cluster":"default","instance":"WillSike#8745","level":"error","msg":"await resume timed out for: pls bj 1500","time":"2022-02-27T16:35:20+08:00"}
{"cluster":"default","instance":"WillSike#8745","level":"error","msg":"error while counting aces: hand is bust","time":"2022-02-27T16:35:40+08:00"}
{"cluster":"default","instance":"WillSike#8745","level":"error","msg":"await resume timed out for: ","time":"2022-02-27T16:35:47+08:00"}
{"cluster":"default","instance":"WillSike#8745","level":"error","msg":"await resume timed out for: ","time":"2022-02-27T16:35:55+08:00"}
{"cluster":"default","instance":"WillSike#8745","level":"error","msg":"await resume timed out for: ","time":"2022-02-27T16:36:02+08:00"}
{"cluster":"default","instance":"WillSike#8745","level":"error","msg":"await resume timed out for: ","time":"2022-02-27T16:36:10+08:00"}
{"cluster":"default","instance":"WillSike#8745","level":"error","msg":"await resume timed out for: ","time":"2022-02-27T16:36:18+08:00"}
{"cluster":"default","instance":"WillSike#8745","level":"error","msg":"await resume timed out for: ","time":"2022-02-27T16:36:26+08:00"}
{"cluster":"default","instance":"WillSike#8745","level":"error","msg":"await resume timed out for: ","time":"2022-02-27T16:36:33+08:00"}
{"cluster":"default","instance":"WillSike#8745","level":"error","msg":"await resume timed out for: ","time":"2022-02-27T16:36:41+08:00"}
{"cluster":"default","instance":"WillSike#8745","level":"error","msg":"await resume timed out for: ","time":"2022-02-27T16:36:49+08:00"}
{"cluster":"default","instance":"WillSike#8745","level":"error","msg":"await resume timed out for: ","time":"2022-02-27T16:36:57+08:00"}
{"cluster":"default","instance":"WillSike#8745","level":"error","msg":"await resume timed out for: ","time":"2022-02-27T16:37:05+08:00"}
{"cluster":"default","instance":"WillSike#8745","level":"error","msg":"error while counting aces: hand is bust","time":"2022-02-27T16:37:17+08:00"}
{"cluster":"default","instance":"WillSike#8745","level":"error","msg":"await resume timed out for: ","time":"2022-02-27T16:37:24+08:00"}
{"cluster":"default","instance":"WillSike#8745","level":"error","msg":"error while counting aces: hand is bust","time":"2022-02-27T16:38:24+08:00"}
{"cluster":"default","instance":"WillSike#8745","level":"error","msg":"await resume timed out for: ","time":"2022-02-27T16:38:31+08:00"}
{"cluster":"default","instance":"WillSike#8745","level":"error","msg":"await resume timed out for: pls hunt","time":"2022-02-27T16:38:44+08:00"}
{"cluster":"default","instance":"WillSike#8745","level":"error","msg":"await resume timed out for: pls pm","time":"2022-02-27T16:38:57+08:00"}
{"cluster":"default","instance":"WillSike#8745","level":"error","msg":"error while counting aces: hand is bust","time":"2022-02-27T16:40:45+08:00"}
{"cluster":"default","instance":"WillSike#8745","level":"error","msg":"await resume timed out for: ","time":"2022-02-27T16:40:52+08:00"}
{"cluster":"default","instance":"WillSike#8745","level":"error","msg":"await resume timed out for: pls search","time":"2022-02-27T16:41:09+08:00"}
{"cluster":"default","instance":"WillSike#8745","level":"error","msg":"await resume timed out for: pls hunt","time":"2022-02-27T16:41:18+08:00"}
{"cluster":"default","instance":"WillSike#8745","level":"error","msg":"error while counting aces: hand is bust","time":"2022-02-27T16:41:25+08:00"}
{"cluster":"default","instance":"WillSike#8745","level":"error","msg":"await resume timed out for: ","time":"2022-02-27T16:41:31+08:00"}
{"cluster":"default","instance":"WillSike#8745","level":"error","msg":"error while counting aces: hand is bust","time":"2022-02-27T16:42:14+08:00"}
{"cluster":"default","instance":"WillSike#8745","level":"error","msg":"await resume timed out for: ","time":"2022-02-27T16:42:21+08:00"}
{"cluster":"default","instance":"WillSike#8745","level":"error","msg":"error while counting aces: hand is bust","time":"2022-02-27T16:42:55+08:00"}
{"cluster":"default","instance":"WillSike#8745","level":"error","msg":"await resume timed out for: ","time":"2022-02-27T16:43:02+08:00"}
{"cluster":"default","instance":"WillSike#8745","level":"error","msg":"error while counting aces: hand is bust","time":"2022-02-27T16:43:15+08:00"}
{"cluster":"default","instance":"WillSike#8745","level":"error","msg":"await resume timed out for: ","time":"2022-02-27T16:43:22+08:00"}
{"cluster":"default","instance":"WillSike#8745","level":"error","msg":"error while counting aces: hand is bust","time":"2022-02-27T16:44:15+08:00"}
{"cluster":"default","instance":"WillSike#8745","level":"error","msg":"await resume timed out for: ","time":"2022-02-27T16:44:22+08:00"}
{"cluster":"default","instance":"WillSike#8745","level":"error","msg":"error while counting aces: hand is bust","time":"2022-02-27T16:45:15+08:00"}
{"cluster":"default","instance":"WillSike#8745","level":"error","msg":"await resume timed out for: ","time":"2022-02-27T16:45:22+08:00"}
{"cluster":"default","instance":"WillSike#8745","level":"error","msg":"await resume timed out for: pls trivia","time":"2022-02-27T16:45:32+08:00"}
{"cluster":"default","instance":"WillSike#8745","level":"error","msg":"error while counting aces: hand is bust","time":"2022-02-27T16:45:41+08:00"}
{"cluster":"default","instance":"WillSike#8745","level":"error","msg":"await resume timed out for: ","time":"2022-02-27T16:45:48+08:00"}
{"cluster":"default","instance":"WillSike#8745","level":"error","msg":"await resume timed out for: pls search","time":"2022-02-27T16:46:02+08:00"}
{"cluster":"default","instance":"WillSike#8745","level":"error","msg":"await resume timed out for: pls trivia","time":"2022-02-27T16:46:13+08:00"}
{"cluster":"default","instance":"WillSike#8745","level":"error","msg":"await resume timed out for: pls hl","time":"2022-02-27T16:46:22+08:00"}
{"cluster":"default","instance":"WillSike#8745","level":"error","msg":"error while clicking button: you are being rate limited, try waiting some time and trying again","time":"2022-02-27T16:46:53+08:00"}
{"cluster":"default","instance":"WillSike#8745","level":"error","msg":"error while counting aces: hand is bust","time":"2022-02-27T16:47:18+08:00"}
{"cluster":"default","instance":"WillSike#8745","level":"error","msg":"await resume timed out for: ","time":"2022-02-27T16:47:25+08:00"}
{"cluster":"default","instance":"WillSike#8745","level":"error","msg":"await resume timed out for: pls fish","time":"2022-02-27T16:47:42+08:00"}
{"cluster":"default","instance":"WillSike#8745","level":"error","msg":"error while counting aces: hand is bust","time":"2022-02-27T16:49:14+08:00"}
{"cluster":"default","instance":"WillSike#8745","level":"error","msg":"await resume timed out for: ","time":"2022-02-27T16:49:21+08:00"}
{"cluster":"default","instance":"WillSike#8745","level":"error","msg":"error while counting aces: hand is bust","time":"2022-02-27T16:49:54+08:00"}
{"cluster":"default","instance":"WillSike#8745","level":"error","msg":"await resume timed out for: ","time":"2022-02-27T16:50:00+08:00"}
{"cluster":"default","instance":"WillSike#8745","level":"error","msg":"error while counting aces: hand is bust","time":"2022-02-27T16:50:18+08:00"}
{"cluster":"default","instance":"WillSike#8745","level":"error","msg":"await resume timed out for: ","time":"2022-02-27T16:50:25+08:00"}
{"cluster":"default","instance":"WillSike#8745","level":"error","msg":"await resume timed out for: pls pm","time":"2022-02-27T16:50:39+08:00"}
